<?xml version="1.0" encoding="utf-8"?>
<TestRun id="5fc83781-628c-4eb3-b808-82dcc2474a5c" name="costin.zaharia@PC0245 2024-12-13 11:08:01" runUser="PC0245\costin.zaharia" xmlns="http://microsoft.com/schemas/VisualStudio/TeamTest/2010">
  <Times creation="2024-12-13T11:08:01.4331844+01:00" queuing="2024-12-13T11:08:01.4331853+01:00" start="2024-12-13T11:08:00.4760240+01:00" finish="2024-12-13T11:08:01.4375292+01:00" />
  <TestSettings name="default" id="250a438c-efdc-4d0c-8af6-3a143cdc354b">
    <Deployment runDeploymentRoot="costin.zaharia_PC0245_2024-12-13_11_08_01" />
  </TestSettings>
  <Results>
    <UnitTestResult executionId="14413bbf-9618-4c07-a933-75bc942bb726" testId="ab6094d2-07ab-58c5-03e0-a4fb244efd26" testName="TestMethod1 (Struct,&quot;struct&quot;)" computerName="PC0245" duration="00:00:00.0027973" startTime="2024-12-13T11:08:01.2301061+01:00" endTime="2024-12-13T11:08:01.2544703+01:00" testType="13cdc9d9-ddb5-4fa4-a97d-d965ccfc6d4b" outcome="Passed" testListId="8c84fa94-04c1-424b-9868-57a2d4851a1d" relativeResultsDirectory="14413bbf-9618-4c07-a933-75bc942bb726" />
    <UnitTestResult executionId="681a22c2-5761-47c0-b192-df62de73c644" testId="ab6094d2-07ab-58c5-03e0-a4fb244efd26" testName="TestMethod1 (Struct,&quot;struct&quot;)" computerName="PC0245" duration="00:00:00.0002375" startTime="2024-12-13T11:08:01.2579245+01:00" endTime="2024-12-13T11:08:01.2592873+01:00" testType="13cdc9d9-ddb5-4fa4-a97d-d965ccfc6d4b" outcome="Passed" testListId="8c84fa94-04c1-424b-9868-57a2d4851a1d" relativeResultsDirectory="681a22c2-5761-47c0-b192-df62de73c644" />
  </Results>
  <TestDefinitions>
    <UnitTest name="TestMethod1 (Struct,&quot;struct&quot;)" storage="d:\src\playgroud\testreport\testreport\bin\debug\net9.0\testreport.dll" id="ab6094d2-07ab-58c5-03e0-a4fb244efd26">
      <Execution id="14413bbf-9618-4c07-a933-75bc942bb726" />
      <TestMethod codeBase="D:\src\playgroud\TestReport\TestReport\bin\Debug\net9.0\TestReport.dll" adapterTypeName="executor://mstestadapter/v2" className="TestReport.Test1" name="TestMethod1" />
    </UnitTest>
  </TestDefinitions>
  <TestEntries>
    <TestEntry testId="ab6094d2-07ab-58c5-03e0-a4fb244efd26" executionId="14413bbf-9618-4c07-a933-75bc942bb726" testListId="8c84fa94-04c1-424b-9868-57a2d4851a1d" />
    <TestEntry testId="ab6094d2-07ab-58c5-03e0-a4fb244efd26" executionId="681a22c2-5761-47c0-b192-df62de73c644" testListId="8c84fa94-04c1-424b-9868-57a2d4851a1d" />
  </TestEntries>
  <TestLists>
    <TestList name="Results Not in a List" id="8c84fa94-04c1-424b-9868-57a2d4851a1d" />
    <TestList name="All Loaded Results" id="19431567-8539-422a-85d7-44ee4e166bda" />
  </TestLists>
  <ResultSummary outcome="Completed">
    <Counters total="2" executed="2" passed="2" failed="0" error="0" timeout="0" aborted="0" inconclusive="0" passedButRunAborted="0" notRunnable="0" notExecuted="0" disconnected="0" warning="0" completed="0" inProgress="0" pending="0" />
  </ResultSummary>
</TestRun>