<?xml version="1.0" encoding="utf-8"?>
<TestRun id="244abbbf-e5fd-4541-88a6-3a9919f4c512" name="costin.zaharia@PC0245 2024-12-18 09:07:08" runUser="PC0245\costin.zaharia" xmlns="http://microsoft.com/schemas/VisualStudio/TeamTest/2010">
  <Times creation="2024-12-18T09:07:08.1509825+01:00" queuing="2024-12-18T09:07:08.1509833+01:00" start="2024-12-18T09:07:07.2829123+01:00" finish="2024-12-18T09:07:08.1570787+01:00" />
  <TestSettings name="default" id="5834e899-200f-4680-b96f-f63a3b5458d7">
    <Deployment runDeploymentRoot="costin.zaharia_PC0245_2024-12-18_09_07_08" />
  </TestSettings>
  <Results>
    <UnitTestResult executionId="ec34f6ce-6a37-409f-acb8-e0612f3a2e8c" testId="dfbab7a8-4d30-e4af-b7e9-5f143fa0d63c" testName="GenericTest&lt;String&gt;(&quot;string&quot;)" computerName="PC0245" duration="00:00:00.0000790" startTime="2024-12-18T09:07:08.0222850+01:00" endTime="2024-12-18T09:07:08.0223635+01:00" testType="13cdc9d9-ddb5-4fa4-a97d-d965ccfc6d4b" outcome="Passed" testListId="8c84fa94-04c1-424b-9868-57a2d4851a1d" relativeResultsDirectory="ec34f6ce-6a37-409f-acb8-e0612f3a2e8c">
      <Output>
        <StdOut>string</StdOut>
      </Output>
    </UnitTestResult>
    <UnitTestResult executionId="825207e6-be1f-43c6-8344-52a8d2c0c0e4" testId="e856dddd-b0b9-1283-7d12-995daa1c2159" testName="VirtualMethodInBaseClass" computerName="PC0245" duration="00:00:00.0001050" startTime="2024-12-18T09:07:08.0195757+01:00" endTime="2024-12-18T09:07:08.0196808+01:00" testType="13cdc9d9-ddb5-4fa4-a97d-d965ccfc6d4b" outcome="Passed" testListId="8c84fa94-04c1-424b-9868-57a2d4851a1d" relativeResultsDirectory="825207e6-be1f-43c6-8344-52a8d2c0c0e4" />
    <UnitTestResult executionId="db3f6b01-0d00-4646-b059-b1dc94d7b5c1" testId="04f8f26c-73f6-0a50-702c-3424ece7fca7" testName="GenericTest&lt;Int32&gt;(42)" computerName="PC0245" duration="00:00:00.0002980" startTime="2024-12-18T09:07:08.0219758+01:00" endTime="2024-12-18T09:07:08.0222734+01:00" testType="13cdc9d9-ddb5-4fa4-a97d-d965ccfc6d4b" outcome="Passed" testListId="8c84fa94-04c1-424b-9868-57a2d4851a1d" relativeResultsDirectory="db3f6b01-0d00-4646-b059-b1dc94d7b5c1">
      <Output>
        <StdOut>42</StdOut>
      </Output>
    </UnitTestResult>
    <UnitTestResult executionId="20849c95-99a1-410e-9302-e0ddb7d84f4d" testId="d19495ce-8556-0afa-0598-f28569986b94" testName="TestMethod1" computerName="PC0245" duration="00:00:00.0015540" startTime="2024-12-18T09:07:08.0226028+01:00" endTime="2024-12-18T09:07:08.0241562+01:00" testType="13cdc9d9-ddb5-4fa4-a97d-d965ccfc6d4b" outcome="Passed" testListId="8c84fa94-04c1-424b-9868-57a2d4851a1d" relativeResultsDirectory="20849c95-99a1-410e-9302-e0ddb7d84f4d" />
    <UnitTestResult executionId="841b18f1-7990-48d7-a9e2-171ac06b79f2" testId="b1d90856-8e97-2f05-b5a1-46236018b4f5" testName="GenericTest&lt;Double&gt;(5E-324.0d)" computerName="PC0245" duration="00:00:00.0000760" startTime="2024-12-18T09:07:08.0223698+01:00" endTime="2024-12-18T09:07:08.0224454+01:00" testType="13cdc9d9-ddb5-4fa4-a97d-d965ccfc6d4b" outcome="Passed" testListId="8c84fa94-04c1-424b-9868-57a2d4851a1d" relativeResultsDirectory="841b18f1-7990-48d7-a9e2-171ac06b79f2">
      <Output>
        <StdOut>5E-324</StdOut>
      </Output>
    </UnitTestResult>
    <UnitTestResult executionId="b0d0933f-c9c3-4657-ab58-14cca4274b66" testId="7c7642ed-18fb-4d66-c0f5-3e220f7aa426" testName="TestMethodInBaseClass" computerName="PC0245" duration="00:00:00.0070170" startTime="2024-12-18T09:07:08.0114692+01:00" endTime="2024-12-18T09:07:08.0184419+01:00" testType="13cdc9d9-ddb5-4fa4-a97d-d965ccfc6d4b" outcome="Passed" testListId="8c84fa94-04c1-424b-9868-57a2d4851a1d" relativeResultsDirectory="b0d0933f-c9c3-4657-ab58-14cca4274b66" />
  </Results>
  <TestDefinitions>
    <UnitTest name="GenericTest&lt;String&gt;(&quot;string&quot;)" storage="d:\src\playgroud\calculator\calculator.nunit3\bin\debug\net9.0\calculator.nunit3.dll" id="dfbab7a8-4d30-e4af-b7e9-5f143fa0d63c">
      <Execution id="ec34f6ce-6a37-409f-acb8-e0612f3a2e8c" />
      <TestMethod codeBase="D:\src\playgroud\Calculator\Calculator.NUnit3\bin\Debug\net9.0\Calculator.NUnit3.dll" adapterTypeName="executor://nunit3testexecutor/" className="Calculator.NUnit3.GenericTests" name="GenericTest&lt;String&gt;(&quot;string&quot;)" />
    </UnitTest>
    <UnitTest name="GenericTest&lt;Double&gt;(5E-324.0d)" storage="d:\src\playgroud\calculator\calculator.nunit3\bin\debug\net9.0\calculator.nunit3.dll" id="b1d90856-8e97-2f05-b5a1-46236018b4f5">
      <Execution id="841b18f1-7990-48d7-a9e2-171ac06b79f2" />
      <TestMethod codeBase="D:\src\playgroud\Calculator\Calculator.NUnit3\bin\Debug\net9.0\Calculator.NUnit3.dll" adapterTypeName="executor://nunit3testexecutor/" className="Calculator.NUnit3.GenericTests" name="GenericTest&lt;Double&gt;(5E-324.0d)" />
    </UnitTest>
    <UnitTest name="TestMethodInBaseClass" storage="d:\src\playgroud\calculator\calculator.nunit3\bin\debug\net9.0\calculator.nunit3.dll" id="7c7642ed-18fb-4d66-c0f5-3e220f7aa426">
      <Execution id="b0d0933f-c9c3-4657-ab58-14cca4274b66" />
      <TestMethod codeBase="D:\src\playgroud\Calculator\Calculator.NUnit3\bin\Debug\net9.0\Calculator.NUnit3.dll" adapterTypeName="executor://nunit3testexecutor/" className="Calculator.NUnit3.Derived" name="TestMethodInBaseClass" />
    </UnitTest>
    <UnitTest name="GenericTest&lt;Int32&gt;(42)" storage="d:\src\playgroud\calculator\calculator.nunit3\bin\debug\net9.0\calculator.nunit3.dll" id="04f8f26c-73f6-0a50-702c-3424ece7fca7">
      <Execution id="db3f6b01-0d00-4646-b059-b1dc94d7b5c1" />
      <TestMethod codeBase="D:\src\playgroud\Calculator\Calculator.NUnit3\bin\Debug\net9.0\Calculator.NUnit3.dll" adapterTypeName="executor://nunit3testexecutor/" className="Calculator.NUnit3.GenericTests" name="GenericTest&lt;Int32&gt;(42)" />
    </UnitTest>
    <UnitTest name="TestMethod1" storage="d:\src\playgroud\calculator\calculator.nunit3\bin\debug\net9.0\calculator.nunit3.dll" id="d19495ce-8556-0afa-0598-f28569986b94">
      <Execution id="20849c95-99a1-410e-9302-e0ddb7d84f4d" />
      <TestMethod codeBase="D:\src\playgroud\Calculator\Calculator.NUnit3\bin\Debug\net9.0\Calculator.NUnit3.dll" adapterTypeName="executor://nunit3testexecutor/" className="Calculator.NUnit3.Tests" name="TestMethod1" />
    </UnitTest>
    <UnitTest name="VirtualMethodInBaseClass" storage="d:\src\playgroud\calculator\calculator.nunit3\bin\debug\net9.0\calculator.nunit3.dll" id="e856dddd-b0b9-1283-7d12-995daa1c2159">
      <Execution id="825207e6-be1f-43c6-8344-52a8d2c0c0e4" />
      <TestMethod codeBase="D:\src\playgroud\Calculator\Calculator.NUnit3\bin\Debug\net9.0\Calculator.NUnit3.dll" adapterTypeName="executor://nunit3testexecutor/" className="Calculator.NUnit3.Derived" name="VirtualMethodInBaseClass" />
    </UnitTest>
  </TestDefinitions>
  <TestEntries>
    <TestEntry testId="dfbab7a8-4d30-e4af-b7e9-5f143fa0d63c" executionId="ec34f6ce-6a37-409f-acb8-e0612f3a2e8c" testListId="8c84fa94-04c1-424b-9868-57a2d4851a1d" />
    <TestEntry testId="e856dddd-b0b9-1283-7d12-995daa1c2159" executionId="825207e6-be1f-43c6-8344-52a8d2c0c0e4" testListId="8c84fa94-04c1-424b-9868-57a2d4851a1d" />
    <TestEntry testId="04f8f26c-73f6-0a50-702c-3424ece7fca7" executionId="db3f6b01-0d00-4646-b059-b1dc94d7b5c1" testListId="8c84fa94-04c1-424b-9868-57a2d4851a1d" />
    <TestEntry testId="d19495ce-8556-0afa-0598-f28569986b94" executionId="20849c95-99a1-410e-9302-e0ddb7d84f4d" testListId="8c84fa94-04c1-424b-9868-57a2d4851a1d" />
    <TestEntry testId="b1d90856-8e97-2f05-b5a1-46236018b4f5" executionId="841b18f1-7990-48d7-a9e2-171ac06b79f2" testListId="8c84fa94-04c1-424b-9868-57a2d4851a1d" />
    <TestEntry testId="7c7642ed-18fb-4d66-c0f5-3e220f7aa426" executionId="b0d0933f-c9c3-4657-ab58-14cca4274b66" testListId="8c84fa94-04c1-424b-9868-57a2d4851a1d" />
  </TestEntries>
  <TestLists>
    <TestList name="Results Not in a List" id="8c84fa94-04c1-424b-9868-57a2d4851a1d" />
    <TestList name="All Loaded Results" id="19431567-8539-422a-85d7-44ee4e166bda" />
  </TestLists>
  <ResultSummary outcome="Completed">
    <Counters total="6" executed="6" passed="6" failed="0" error="0" timeout="0" aborted="0" inconclusive="0" passedButRunAborted="0" notRunnable="0" notExecuted="0" disconnected="0" warning="0" completed="0" inProgress="0" pending="0" />
    <Output>
      <StdOut>NUnit Adapter 3.17.0.0: Test execution started&#xD;
Running all tests in D:\src\playgroud\Calculator\Calculator.NUnit3\bin\Debug\net9.0\Calculator.NUnit3.dll&#xD;
   NUnit3TestExecutor discovered 6 of 6 NUnit test cases&#xD;
42&#xD;
&#xD;
string&#xD;
&#xD;
5E-324&#xD;
&#xD;
NUnit Adapter 3.17.0.0: Test execution complete&#xD;
</StdOut>
    </Output>
  </ResultSummary>
</TestRun>